<?xml version="1.0" encoding="UTF-8"?>
<!-- Generated by org.testng.reporters.JUnitXMLReporter -->
<testsuite hostname="HPEliteBook" ignored="4" name="Test_Demo1(failed)" tests="1" failures="0" timestamp="2023-01-19T23:31:20 SGT" time="1.061" errors="0">
  <testcase name="testcase004" time="1.02" classname="testngdemo.TestNGDemo"/>
  <testcase name="testcase005" time="0.0" classname="testngdemo.TestNGDemo">
    <ignored/>
  </testcase> <!-- testcase005 -->
  <testcase name="testcase002" time="0.0" classname="testngdemo.TestNGDemo">
    <ignored/>
  </testcase> <!-- testcase002 -->
  <testcase name="testcase003" time="0.0" classname="testngdemo.TestNGDemo">
    <ignored/>
  </testcase> <!-- testcase003 -->
  <testcase name="testcase001" time="0.0" classname="testngdemo.TestNGDemo">
    <ignored/>
  </testcase> <!-- testcase001 -->
</testsuite> <!-- Test_Demo1(failed) -->
