<?xml version="1.0" encoding="UTF-8"?>
<testng-results skipped="0" failed="0" ignored="1" total="1" passed="0">
  <reporter-output>
  </reporter-output>
  <suite name="Default suite" duration-ms="8" started-at="2023-01-18T23:32:53 SGT" finished-at="2023-01-18T23:32:53 SGT">
    <groups>
    </groups>
    <test name="Default test" duration-ms="8" started-at="2023-01-18T23:32:53 SGT" finished-at="2023-01-18T23:32:53 SGT">
    </test> <!-- Default test -->
  </suite> <!-- Default suite -->
</testng-results>
