<?xml version="1.0" encoding="UTF-8"?>
<!-- Generated by org.testng.reporters.JUnitXMLReporter -->
<testsuite hostname="HPEliteBook" ignored="0" name="Test_Demo1" tests="6" failures="0" timestamp="2023-01-24T23:07:31 SGT" time="5.162" errors="0">
  <testcase name="testcase001" time="1.031" classname="testngdemo.TestNGDemo"/>
  <testcase name="testcase002" time="1.008" classname="testngdemo.TestNGDemo"/>
  <testcase name="testcase003" time="1.017" classname="testngdemo.TestNGDemo"/>
  <testcase name="testcase004" time="1.016" classname="testngdemo.TestNGDemo"/>
  <testcase name="testcase005" time="1.007" classname="testngdemo.TestNGDemo"/>
  <testcase name="testcase006" time="0.002" classname="testngdemo.TestNGDemo"/>
</testsuite> <!-- Test_Demo1 -->
