<?xml version="1.0" encoding="UTF-8"?>
<!-- Generated by org.testng.reporters.JUnitXMLReporter -->
<testsuite hostname="HPEliteBook" ignored="0" name="Test_Demo2" tests="3" failures="1" timestamp="2023-01-18T23:07:24 SGT" time="3.034" errors="0">
  <testcase name="testcase001111" time="1.004" classname="testngdemo.TestNGDemoEnable"/>
  <testcase name="testcase0022222" time="1.01" classname="testngdemo.TestNGDemoEnable">
    <failure type="java.lang.AssertionError" message="...results didnt match.. expected [computer] but found [Computer]">
      <![CDATA[java.lang.AssertionError: ...results didnt match.. expected [computer] but found [Computer]
at testngdemo.TestNGDemoEnable.testcase0022222(TestNGDemoEnable.java:24)
at java.util.ArrayList.forEach(ArrayList.java:1259)
... Removed 32 stack frames]]>
    </failure>
  </testcase> <!-- testcase0022222 -->
  <testcase name="testcase003333" time="1.003" classname="testngdemo.TestNGDemoEnable"/>
</testsuite> <!-- Test_Demo2 -->
